<?xml version="1.0" encoding="UTF-8"?>
<testsuite name="com.UnorderedLinkedList.LinkedListTest" tests="1" skipped="0" failures="0" errors="0" timestamp="2020-05-12T12:11:34" hostname="LAPTOP-U0R5V4IK" time="0.005">
  <properties/>
  <testcase name="whenCreate_newLinkedList_shouldReturn_emptyList" classname="com.UnorderedLinkedList.LinkedListTest" time="0.005"/>
  <system-out><![CDATA[]]></system-out>
  <system-err><![CDATA[]]></system-err>
</testsuite>
